2021-10-15 01:26:17,186 -- ============ Training routine: "LMSCNet_SS.yaml" ============

2021-10-15 01:28:51,278 -- ============ Training routine: "LMSCNet_SS.yaml" ============

2021-10-15 01:28:51,466 -- => Loading network architecture...
2021-10-15 01:31:00,726 -- ============ Training routine: "LMSCNet_SS.yaml" ============

2021-10-15 01:31:00,910 -- => Loading network architecture...
2021-10-15 01:31:00,962 -- => Loading optimizer...
2021-10-15 01:31:18,444 -- ============ Training routine: "LMSCNet_SS.yaml" ============

2021-10-15 01:31:18,636 -- => Loading network architecture...
2021-10-15 01:31:18,688 -- => Loading optimizer...
2021-10-15 01:31:18,689 -- => Loading scheduler...
2021-10-15 01:31:18,689 -- => No checkpoint. Initializing model from scratch
2021-10-15 01:31:18,690 -- => No checkpoint. Initializing model from scratch
2021-10-15 01:32:08,219 -- ============ Training routine: "LMSCNet_SS.yaml" ============

2021-10-15 01:32:08,407 -- => Loading network architecture...
2021-10-15 01:32:08,459 -- => Loading optimizer...
2021-10-15 01:32:08,460 -- => Loading scheduler...
2021-10-15 01:32:08,460 -- => No checkpoint. Initializing model from scratch
2021-10-15 01:32:08,461 -- => No checkpoint. Initializing model from scratch
2021-10-15 01:32:54,547 -- ============ Training routine: "LMSCNet_SS.yaml" ============

2021-10-15 01:32:54,731 -- => Loading network architecture...
2021-10-15 01:32:54,784 -- => Loading optimizer...
2021-10-15 01:32:54,785 -- => Loading scheduler...
2021-10-15 01:32:54,785 -- => No checkpoint. Initializing model from scratch
2021-10-15 01:32:54,786 -- => No checkpoint. Initializing model from scratch
2021-10-15 01:33:29,337 -- ============ Training routine: "LMSCNet_SS.yaml" ============

2021-10-15 01:33:29,523 -- => Loading network architecture...
2021-10-15 01:33:29,576 -- => Loading optimizer...
2021-10-15 01:33:29,576 -- => Loading scheduler...
2021-10-15 01:33:29,576 -- => No checkpoint. Initializing model from scratch
2021-10-15 01:33:29,578 -- => No checkpoint. Initializing model from scratch
2021-10-15 01:34:07,742 -- ============ Training routine: "LMSCNet_SS.yaml" ============

2021-10-15 01:34:07,926 -- => Loading network architecture...
2021-10-15 01:34:07,978 -- => Loading optimizer...
2021-10-15 01:34:07,979 -- => Loading scheduler...
2021-10-15 01:34:07,979 -- => No checkpoint. Initializing model from scratch
2021-10-15 01:34:07,980 -- => No checkpoint. Initializing model from scratch
2021-10-15 01:34:09,212 -- => Passing the network on the validation set...
2021-10-15 01:34:58,923 -- ============ Training routine: "LMSCNet_SS.yaml" ============

2021-10-15 01:34:59,134 -- => Loading network architecture...
2021-10-15 01:34:59,187 -- => Loading optimizer...
2021-10-15 01:34:59,188 -- => Loading scheduler...
2021-10-15 01:34:59,188 -- => No checkpoint. Initializing model from scratch
2021-10-15 01:34:59,189 -- => No checkpoint. Initializing model from scratch
2021-10-15 01:35:00,425 -- => Passing the network on the validation set...
2021-10-15 01:36:34,874 -- ============ Training routine: "LMSCNet_SS.yaml" ============

2021-10-15 01:36:35,084 -- => Loading network architecture...
2021-10-15 01:36:35,136 -- => Loading optimizer...
2021-10-15 01:36:35,137 -- => Loading scheduler...
2021-10-15 01:36:35,137 -- => No checkpoint. Initializing model from scratch
2021-10-15 01:36:35,138 -- => No checkpoint. Initializing model from scratch
2021-10-15 01:36:36,367 -- => Passing the network on the validation set...
2021-10-15 01:36:59,041 -- ============ Training routine: "LMSCNet_SS.yaml" ============

2021-10-15 01:36:59,249 -- => Loading network architecture...
2021-10-15 01:36:59,301 -- => Loading optimizer...
2021-10-15 01:36:59,302 -- => Loading scheduler...
2021-10-15 01:36:59,302 -- => No checkpoint. Initializing model from scratch
2021-10-15 01:36:59,303 -- => No checkpoint. Initializing model from scratch
2021-10-15 01:37:00,538 -- => Passing the network on the validation set...
2021-10-15 01:41:22,376 -- ============ Training routine: "LMSCNet_SS.yaml" ============

2021-10-15 01:41:22,586 -- => Loading network architecture...
2021-10-15 01:41:22,639 -- => Loading optimizer...
2021-10-15 01:41:22,639 -- => Loading scheduler...
2021-10-15 01:41:22,640 -- => No checkpoint. Initializing model from scratch
2021-10-15 01:41:22,641 -- => No checkpoint. Initializing model from scratch
2021-10-15 01:41:23,878 -- => Passing the network on the validation set...
2021-10-15 01:41:53,817 -- ============ Training routine: "LMSCNet_SS.yaml" ============

2021-10-15 01:41:54,026 -- => Loading network architecture...
2021-10-15 01:41:54,079 -- => Loading optimizer...
2021-10-15 01:41:54,080 -- => Loading scheduler...
2021-10-15 01:41:54,080 -- => No checkpoint. Initializing model from scratch
2021-10-15 01:41:54,081 -- => No checkpoint. Initializing model from scratch
2021-10-15 01:41:55,327 -- => Passing the network on the validation set...
2021-10-15 01:43:42,617 -- ============ Training routine: "LMSCNet_SS.yaml" ============

2021-10-15 01:43:42,825 -- => Loading network architecture...
2021-10-15 01:43:42,877 -- => Loading optimizer...
2021-10-15 01:43:42,878 -- => Loading scheduler...
2021-10-15 01:43:42,878 -- => No checkpoint. Initializing model from scratch
2021-10-15 01:43:42,879 -- => No checkpoint. Initializing model from scratch
2021-10-15 01:43:44,109 -- => Passing the network on the validation set...
2021-10-15 01:47:13,145 -- ============ Training routine: "LMSCNet_SS.yaml" ============

2021-10-15 01:47:13,352 -- => Loading network architecture...
2021-10-15 01:47:13,405 -- => Loading optimizer...
2021-10-15 01:47:13,406 -- => Loading scheduler...
2021-10-15 01:47:13,406 -- => No checkpoint. Initializing model from scratch
2021-10-15 01:47:13,407 -- => No checkpoint. Initializing model from scratch
2021-10-15 01:47:14,644 -- => Passing the network on the validation set...
2021-10-15 01:48:33,876 -- ============ Training routine: "LMSCNet_SS.yaml" ============

2021-10-15 01:48:34,087 -- => Loading network architecture...
2021-10-15 01:48:34,140 -- => Loading optimizer...
2021-10-15 01:48:34,141 -- => Loading scheduler...
2021-10-15 01:48:34,141 -- => No checkpoint. Initializing model from scratch
2021-10-15 01:48:34,142 -- => No checkpoint. Initializing model from scratch
2021-10-15 01:48:35,384 -- => Passing the network on the validation set...
2021-10-15 01:50:10,418 -- ============ Training routine: "LMSCNet_SS.yaml" ============

2021-10-15 01:50:10,627 -- => Loading network architecture...
2021-10-15 01:50:10,680 -- => Loading optimizer...
2021-10-15 01:50:10,681 -- => Loading scheduler...
2021-10-15 01:50:10,681 -- => No checkpoint. Initializing model from scratch
2021-10-15 01:50:10,682 -- => No checkpoint. Initializing model from scratch
2021-10-15 01:50:11,930 -- => Passing the network on the validation set...
2021-10-15 01:50:57,766 -- ============ Training routine: "LMSCNet_SS.yaml" ============

2021-10-15 01:50:57,973 -- => Loading network architecture...
2021-10-15 01:50:58,025 -- => Loading optimizer...
2021-10-15 01:50:58,026 -- => Loading scheduler...
2021-10-15 01:50:58,026 -- => No checkpoint. Initializing model from scratch
2021-10-15 01:50:58,027 -- => No checkpoint. Initializing model from scratch
2021-10-15 01:50:59,255 -- => Passing the network on the validation set...
2021-10-15 01:55:00,162 -- ============ Training routine: "LMSCNet_SS.yaml" ============

2021-10-15 01:55:00,371 -- => Loading network architecture...
2021-10-15 01:55:00,423 -- => Loading optimizer...
2021-10-15 01:55:00,424 -- => Loading scheduler...
2021-10-15 01:55:00,424 -- => No checkpoint. Initializing model from scratch
2021-10-15 01:55:00,425 -- => No checkpoint. Initializing model from scratch
2021-10-15 01:55:01,669 -- => Passing the network on the validation set...
2021-10-15 01:55:22,342 -- ============ Training routine: "LMSCNet_SS.yaml" ============

2021-10-15 01:55:22,550 -- => Loading network architecture...
2021-10-15 01:55:22,602 -- => Loading optimizer...
2021-10-15 01:55:22,603 -- => Loading scheduler...
2021-10-15 01:55:22,603 -- => No checkpoint. Initializing model from scratch
2021-10-15 01:55:22,604 -- => No checkpoint. Initializing model from scratch
2021-10-15 01:55:23,835 -- => Passing the network on the validation set...
2021-10-15 01:58:30,153 -- ============ Training routine: "LMSCNet_SS.yaml" ============

2021-10-15 01:58:30,364 -- => Loading network architecture...
2021-10-15 01:58:30,418 -- => Loading optimizer...
2021-10-15 01:58:30,419 -- => Loading scheduler...
2021-10-15 01:58:30,419 -- => No checkpoint. Initializing model from scratch
2021-10-15 01:58:30,421 -- => No checkpoint. Initializing model from scratch
2021-10-15 01:58:31,668 -- => Passing the network on the validation set...
2021-10-15 02:00:25,616 -- ============ Training routine: "LMSCNet_SS.yaml" ============

2021-10-15 02:00:25,829 -- => Loading network architecture...
2021-10-15 02:00:25,881 -- => Loading optimizer...
2021-10-15 02:00:25,882 -- => Loading scheduler...
2021-10-15 02:00:25,882 -- => No checkpoint. Initializing model from scratch
2021-10-15 02:00:25,883 -- => No checkpoint. Initializing model from scratch
2021-10-15 02:00:27,113 -- => Passing the network on the validation set...
2021-10-15 02:02:12,836 -- ============ Training routine: "LMSCNet_SS.yaml" ============

2021-10-15 02:02:13,044 -- => Loading network architecture...
2021-10-15 02:02:13,103 -- => Loading optimizer...
2021-10-15 02:02:13,104 -- => Loading scheduler...
2021-10-15 02:02:13,104 -- => No checkpoint. Initializing model from scratch
2021-10-15 02:02:13,105 -- => No checkpoint. Initializing model from scratch
2021-10-15 02:02:14,353 -- => Passing the network on the validation set...
2021-10-15 02:02:39,230 -- ============ Training routine: "LMSCNet_SS.yaml" ============

2021-10-15 02:02:39,441 -- => Loading network architecture...
2021-10-15 02:02:39,495 -- => Loading optimizer...
2021-10-15 02:02:39,495 -- => Loading scheduler...
2021-10-15 02:02:39,496 -- => No checkpoint. Initializing model from scratch
2021-10-15 02:02:39,497 -- => No checkpoint. Initializing model from scratch
2021-10-15 02:02:40,735 -- => Passing the network on the validation set...
2021-10-15 02:03:55,863 -- ============ Training routine: "LMSCNet_SS.yaml" ============

2021-10-15 02:03:56,073 -- => Loading network architecture...
2021-10-15 02:03:56,128 -- => Loading optimizer...
2021-10-15 02:03:56,129 -- => Loading scheduler...
2021-10-15 02:03:56,129 -- => No checkpoint. Initializing model from scratch
2021-10-15 02:03:56,130 -- => No checkpoint. Initializing model from scratch
2021-10-15 02:03:57,389 -- => Passing the network on the validation set...
2021-10-15 02:05:56,321 -- ============ Training routine: "LMSCNet_SS.yaml" ============

2021-10-15 02:05:56,532 -- => Loading network architecture...
2021-10-15 02:05:56,586 -- => Loading optimizer...
2021-10-15 02:05:56,587 -- => Loading scheduler...
2021-10-15 02:05:56,587 -- => No checkpoint. Initializing model from scratch
2021-10-15 02:05:56,588 -- => No checkpoint. Initializing model from scratch
2021-10-15 02:05:57,831 -- => Passing the network on the validation set...
2021-10-15 02:10:15,314 -- ============ Training routine: "LMSCNet_SS.yaml" ============

2021-10-15 02:10:15,524 -- => Loading network architecture...
2021-10-15 02:10:15,579 -- => Loading optimizer...
2021-10-15 02:10:15,580 -- => Loading scheduler...
2021-10-15 02:10:15,580 -- => No checkpoint. Initializing model from scratch
2021-10-15 02:10:15,581 -- => No checkpoint. Initializing model from scratch
2021-10-15 02:10:16,854 -- => Passing the network on the validation set...
2021-10-15 02:10:36,013 -- ============ Training routine: "LMSCNet_SS.yaml" ============

2021-10-15 02:10:36,224 -- => Loading network architecture...
2021-10-15 02:10:36,277 -- => Loading optimizer...
2021-10-15 02:10:36,278 -- => Loading scheduler...
2021-10-15 02:10:36,278 -- => No checkpoint. Initializing model from scratch
2021-10-15 02:10:36,279 -- => No checkpoint. Initializing model from scratch
2021-10-15 02:10:37,519 -- => Passing the network on the validation set...
2021-10-15 02:11:12,131 -- ============ Training routine: "LMSCNet_SS.yaml" ============

2021-10-15 02:11:12,345 -- => Loading network architecture...
2021-10-15 02:11:12,398 -- => Loading optimizer...
2021-10-15 02:11:12,398 -- => Loading scheduler...
2021-10-15 02:11:12,398 -- => No checkpoint. Initializing model from scratch
2021-10-15 02:11:12,400 -- => No checkpoint. Initializing model from scratch
2021-10-15 02:11:13,631 -- => Passing the network on the validation set...
2021-10-15 02:13:31,240 -- ============ Training routine: "LMSCNet_SS.yaml" ============

2021-10-15 02:13:31,456 -- => Loading network architecture...
2021-10-15 02:13:31,508 -- => Loading optimizer...
2021-10-15 02:13:31,509 -- => Loading scheduler...
2021-10-15 02:13:31,509 -- => No checkpoint. Initializing model from scratch
2021-10-15 02:13:31,511 -- => No checkpoint. Initializing model from scratch
2021-10-15 02:13:32,758 -- => Passing the network on the validation set...
2021-10-15 02:14:39,083 -- ============ Training routine: "LMSCNet_SS.yaml" ============

2021-10-15 02:14:39,297 -- => Loading network architecture...
2021-10-15 02:14:39,350 -- => Loading optimizer...
2021-10-15 02:14:39,350 -- => Loading scheduler...
2021-10-15 02:14:39,351 -- => No checkpoint. Initializing model from scratch
2021-10-15 02:14:39,352 -- => No checkpoint. Initializing model from scratch
2021-10-15 02:14:40,587 -- => Passing the network on the validation set...
2021-10-15 02:14:44,093 -- => Epoch [1/80], Iteration [20/815], Train Losses: total = 3.058043,  semantic_1_1 = 3.058043
2021-10-15 02:14:47,508 -- => Epoch [1/80], Iteration [40/815], Train Losses: total = 3.058347,  semantic_1_1 = 3.058347
2021-10-15 02:14:50,866 -- => Epoch [1/80], Iteration [60/815], Train Losses: total = 3.058746,  semantic_1_1 = 3.058746
2021-10-15 02:14:54,247 -- => Epoch [1/80], Iteration [80/815], Train Losses: total = 3.060272,  semantic_1_1 = 3.060272
2021-10-15 02:14:57,575 -- => Epoch [1/80], Iteration [100/815], Train Losses: total = 3.060179,  semantic_1_1 = 3.060179
2021-10-15 02:15:00,697 -- => Epoch [1/80], Iteration [120/815], Train Losses: total = 3.061936,  semantic_1_1 = 3.061936
2021-10-15 02:15:03,731 -- => Epoch [1/80], Iteration [140/815], Train Losses: total = 3.060397,  semantic_1_1 = 3.060397
2021-10-15 02:15:06,949 -- => Epoch [1/80], Iteration [160/815], Train Losses: total = 3.060125,  semantic_1_1 = 3.060125
2021-10-15 02:15:10,081 -- => Epoch [1/80], Iteration [180/815], Train Losses: total = 3.061144,  semantic_1_1 = 3.061144
2021-10-15 02:18:33,251 -- ============ Training routine: "LMSCNet_SS.yaml" ============

2021-10-15 02:18:33,462 -- => Loading network architecture...
2021-10-15 02:18:33,515 -- => Loading optimizer...
2021-10-15 02:18:33,515 -- => Loading scheduler...
2021-10-15 02:18:33,516 -- => No checkpoint. Initializing model from scratch
2021-10-15 02:18:33,517 -- => No checkpoint. Initializing model from scratch
2021-10-15 02:18:34,744 -- => Passing the network on the validation set...
2021-10-15 02:18:38,194 -- => Epoch [1/80], Iteration [20/815], Train Losses: total = 2.982458,  semantic_1_1 = 2.982458
2021-10-15 02:18:41,673 -- => Epoch [1/80], Iteration [40/815], Train Losses: total = 2.983125,  semantic_1_1 = 2.983125
2021-10-15 02:18:45,121 -- => Epoch [1/80], Iteration [60/815], Train Losses: total = 2.982892,  semantic_1_1 = 2.982892
2021-10-15 02:18:48,534 -- => Epoch [1/80], Iteration [80/815], Train Losses: total = 2.983725,  semantic_1_1 = 2.983725
2021-10-15 02:18:51,919 -- => Epoch [1/80], Iteration [100/815], Train Losses: total = 2.982854,  semantic_1_1 = 2.982854
2021-10-15 02:18:55,081 -- => Epoch [1/80], Iteration [120/815], Train Losses: total = 2.983140,  semantic_1_1 = 2.983140
2021-10-15 02:18:58,252 -- => Epoch [1/80], Iteration [140/815], Train Losses: total = 2.982571,  semantic_1_1 = 2.982571
2021-10-15 02:19:01,484 -- => Epoch [1/80], Iteration [160/815], Train Losses: total = 2.983201,  semantic_1_1 = 2.983201
2021-10-15 02:19:04,589 -- => Epoch [1/80], Iteration [180/815], Train Losses: total = 2.982982,  semantic_1_1 = 2.982982
2021-10-15 02:19:07,766 -- => Epoch [1/80], Iteration [200/815], Train Losses: total = 2.982815,  semantic_1_1 = 2.982815
2021-10-15 02:19:11,080 -- => Epoch [1/80], Iteration [220/815], Train Losses: total = 2.982906,  semantic_1_1 = 2.982906
2021-10-15 02:19:14,190 -- => Epoch [1/80], Iteration [240/815], Train Losses: total = 2.982118,  semantic_1_1 = 2.982118
2021-10-15 02:19:17,303 -- => Epoch [1/80], Iteration [260/815], Train Losses: total = 2.982360,  semantic_1_1 = 2.982360
2021-10-15 02:19:20,620 -- => Epoch [1/80], Iteration [280/815], Train Losses: total = 2.981920,  semantic_1_1 = 2.981920
2021-10-15 02:19:23,958 -- => Epoch [1/80], Iteration [300/815], Train Losses: total = 2.981933,  semantic_1_1 = 2.981933
2021-10-15 02:19:27,252 -- => Epoch [1/80], Iteration [320/815], Train Losses: total = 2.982457,  semantic_1_1 = 2.982457
2021-10-15 02:19:30,718 -- => Epoch [1/80], Iteration [340/815], Train Losses: total = 2.983659,  semantic_1_1 = 2.983659
2021-10-15 02:19:34,086 -- => Epoch [1/80], Iteration [360/815], Train Losses: total = 2.981645,  semantic_1_1 = 2.981645
2021-10-15 02:19:37,414 -- => Epoch [1/80], Iteration [380/815], Train Losses: total = 2.981500,  semantic_1_1 = 2.981500
2021-10-15 02:19:40,417 -- => Epoch [1/80], Iteration [400/815], Train Losses: total = 2.982623,  semantic_1_1 = 2.982623
2021-10-15 02:19:43,385 -- => Epoch [1/80], Iteration [420/815], Train Losses: total = 2.981355,  semantic_1_1 = 2.981355
2021-10-15 02:19:46,400 -- => Epoch [1/80], Iteration [440/815], Train Losses: total = 2.980946,  semantic_1_1 = 2.980946
2021-10-15 02:19:49,563 -- => Epoch [1/80], Iteration [460/815], Train Losses: total = 2.982004,  semantic_1_1 = 2.982004
2021-10-15 02:19:52,729 -- => Epoch [1/80], Iteration [480/815], Train Losses: total = 2.981356,  semantic_1_1 = 2.981356
2021-10-15 02:19:55,957 -- => Epoch [1/80], Iteration [500/815], Train Losses: total = 2.982556,  semantic_1_1 = 2.982556
2021-10-15 02:19:59,024 -- => Epoch [1/80], Iteration [520/815], Train Losses: total = 2.981920,  semantic_1_1 = 2.981920
2021-10-15 02:20:02,269 -- => Epoch [1/80], Iteration [540/815], Train Losses: total = 2.983054,  semantic_1_1 = 2.983054
2021-10-15 02:20:05,660 -- => Epoch [1/80], Iteration [560/815], Train Losses: total = 2.982970,  semantic_1_1 = 2.982970
2021-10-15 02:20:09,018 -- => Epoch [1/80], Iteration [580/815], Train Losses: total = 2.981835,  semantic_1_1 = 2.981835
2021-10-15 02:20:12,435 -- => Epoch [1/80], Iteration [600/815], Train Losses: total = 2.981759,  semantic_1_1 = 2.981759
2021-10-15 02:20:15,730 -- => Epoch [1/80], Iteration [620/815], Train Losses: total = 2.982429,  semantic_1_1 = 2.982429
2021-10-15 02:20:18,920 -- => Epoch [1/80], Iteration [640/815], Train Losses: total = 2.982624,  semantic_1_1 = 2.982624
2021-10-15 02:20:22,061 -- => Epoch [1/80], Iteration [660/815], Train Losses: total = 2.982965,  semantic_1_1 = 2.982965
2021-10-15 02:20:25,069 -- => Epoch [1/80], Iteration [680/815], Train Losses: total = 2.983353,  semantic_1_1 = 2.983353
2021-10-15 02:20:38,400 -- ============ Training routine: "LMSCNet_SS.yaml" ============

2021-10-15 02:20:38,611 -- => Loading network architecture...
2021-10-15 02:20:38,665 -- => Loading optimizer...
2021-10-15 02:20:38,666 -- => Loading scheduler...
2021-10-15 02:20:38,666 -- => No checkpoint. Initializing model from scratch
2021-10-15 02:20:38,667 -- => No checkpoint. Initializing model from scratch
2021-10-15 02:20:39,919 -- => Passing the network on the validation set...
2021-10-15 02:21:40,688 -- ============ Training routine: "LMSCNet_SS.yaml" ============

2021-10-15 02:21:40,899 -- => Loading network architecture...
2021-10-15 02:21:40,954 -- => Loading optimizer...
2021-10-15 02:21:40,955 -- => Loading scheduler...
2021-10-15 02:21:40,955 -- => No checkpoint. Initializing model from scratch
2021-10-15 02:21:40,956 -- => No checkpoint. Initializing model from scratch
2021-10-15 02:21:42,197 -- => Passing the network on the validation set...
2021-10-15 02:24:03,979 -- => [Epoch 1 - Total Validation Loss = 3.0846424102783203]
2021-10-15 02:28:58,346 -- ============ Training routine: "LMSCNet_SS.yaml" ============

2021-10-15 02:28:58,556 -- => Loading network architecture...
2021-10-15 02:28:58,610 -- => Loading optimizer...
2021-10-15 02:28:58,611 -- => Loading scheduler...
2021-10-15 02:28:58,611 -- => No checkpoint. Initializing model from scratch
2021-10-15 02:28:58,612 -- => No checkpoint. Initializing model from scratch
2021-10-15 02:28:59,845 -- => =========== Epoch [1/80] ===========
2021-10-15 02:29:17,418 -- ============ Training routine: "LMSCNet_SS.yaml" ============

2021-10-15 02:29:17,628 -- => Loading network architecture...
2021-10-15 02:29:17,682 -- => Loading optimizer...
2021-10-15 02:29:17,682 -- => Loading scheduler...
2021-10-15 02:29:17,682 -- => No checkpoint. Initializing model from scratch
2021-10-15 02:29:17,684 -- => No checkpoint. Initializing model from scratch
2021-10-15 02:29:18,923 -- => =========== Epoch [1/80] ===========
2021-10-15 02:29:18,923 -- => Reminder - Output of routine on ../SSC_out/LMSCNet_SS_SemanticKITTI_0818_113842
2021-10-15 02:29:18,924 -- => Learning rate: 0.001
2021-10-15 02:29:42,876 -- ============ Training routine: "LMSCNet_SS.yaml" ============

2021-10-15 02:29:43,087 -- => Loading network architecture...
2021-10-15 02:29:43,141 -- => Loading optimizer...
2021-10-15 02:29:43,142 -- => Loading scheduler...
2021-10-15 02:29:43,142 -- => No checkpoint. Initializing model from scratch
2021-10-15 02:29:43,144 -- => No checkpoint. Initializing model from scratch
2021-10-15 02:29:44,406 -- => =========== Epoch [1/80] ===========
2021-10-15 02:29:44,406 -- => Reminder - Output of routine on ../SSC_out/LMSCNet_SS_SemanticKITTI_0818_113842
2021-10-15 02:29:44,406 -- => Learning rate: 0.001
2021-10-15 02:30:00,805 -- ============ Training routine: "LMSCNet_SS.yaml" ============

2021-10-15 02:30:01,014 -- => Loading network architecture...
2021-10-15 02:30:01,068 -- => Loading optimizer...
2021-10-15 02:30:01,069 -- => Loading scheduler...
2021-10-15 02:30:01,069 -- => No checkpoint. Initializing model from scratch
2021-10-15 02:30:01,071 -- => No checkpoint. Initializing model from scratch
2021-10-15 02:30:02,319 -- => =========== Epoch [1/80] ===========
2021-10-15 02:30:02,320 -- => Reminder - Output of routine on ../SSC_out/LMSCNet_SS_SemanticKITTI_0818_113842
2021-10-15 02:30:02,320 -- => Learning rate: 0.001
2021-10-15 02:30:19,651 -- ============ Training routine: "LMSCNet_SS.yaml" ============

2021-10-15 02:30:19,864 -- => Loading network architecture...
2021-10-15 02:30:19,921 -- => Loading optimizer...
2021-10-15 02:30:19,922 -- => Loading scheduler...
2021-10-15 02:30:19,922 -- => No checkpoint. Initializing model from scratch
2021-10-15 02:30:19,923 -- => No checkpoint. Initializing model from scratch
2021-10-15 02:30:21,182 -- => =========== Epoch [1/80] ===========
2021-10-15 02:30:21,182 -- => Reminder - Output of routine on ../SSC_out/LMSCNet_SS_SemanticKITTI_0818_113842
2021-10-15 02:30:21,182 -- => Learning rate: 0.001
